<?xml version="1.0" encoding="UTF-8"?>
<!-- Generated by org.testng.reporters.JUnitReportReporter -->
<testsuite hostname="Amruthas-MacBook-Air.local" name="com.ecommerce.test.ecommerceLoginTest" tests="16" failures="0" timestamp="31 Oct 2019 06:26:16 GMT" time="114.680" errors="0">
  <testcase name="PwdWithSpace" time="6.515" classname="com.ecommerce.test.ecommerceLoginTest"/>
  <testcase name="ForgotPwd" time="9.104" classname="com.ecommerce.test.ecommerceLoginTest"/>
  <testcase name="IncorrectUserName" time="6.574" classname="com.ecommerce.test.ecommerceLoginTest"/>
  <testcase name="NameWithUppercase" time="7.107" classname="com.ecommerce.test.ecommerceLoginTest"/>
  <testcase name="PwdWithSpclChrts" time="6.498" classname="com.ecommerce.test.ecommerceLoginTest"/>
  <testcase name="validateemail" time="6.406" classname="com.ecommerce.test.ecommerceLoginTest"/>
  <testcase name="UrlTitle" time="5.994" classname="com.ecommerce.test.ecommerceLoginTest"/>
  <testcase name="PwdWithAsterik" time="6.723" classname="com.ecommerce.test.ecommerceLoginTest"/>
  <testcase name="NameWithNumbers" time="6.498" classname="com.ecommerce.test.ecommerceLoginTest"/>
  <testcase name="NameWithSpclChrts" time="9.695" classname="com.ecommerce.test.ecommerceLoginTest"/>
  <testcase name="IncorrectPwd" time="6.713" classname="com.ecommerce.test.ecommerceLoginTest"/>
  <testcase name="EraseEnteredText" time="6.620" classname="com.ecommerce.test.ecommerceLoginTest"/>
  <testcase name="PwdAsterickVisible" time="6.721" classname="com.ecommerce.test.ecommerceLoginTest"/>
  <testcase name="BackButtonFunctionality" time="10.711" classname="com.ecommerce.test.ecommerceLoginTest"/>
  <testcase name="BothFieldsBlank" time="6.329" classname="com.ecommerce.test.ecommerceLoginTest"/>
  <testcase name="BlankUserName" time="6.472" classname="com.ecommerce.test.ecommerceLoginTest"/>
</testsuite> <!-- com.ecommerce.test.ecommerceLoginTest -->
