<?xml version="1.0" encoding="UTF-8"?>
<!-- Generated by org.testng.reporters.JUnitReportReporter -->
<testsuite hostname="Amruthas-MacBook-Air.local" name="com.ecommerce.test.ecommerceRegistrationTest" tests="4" failures="0" timestamp="2 Nov 2019 23:41:23 GMT" time="102.129" errors="0">
  <testcase name="InvalidPwd" time="25.598" classname="com.ecommerce.test.ecommerceRegistrationTest"/>
  <testcase name="Terms" time="25.608" classname="com.ecommerce.test.ecommerceRegistrationTest"/>
  <testcase name="BlankEmailReg" time="24.648" classname="com.ecommerce.test.ecommerceRegistrationTest"/>
  <testcase name="ValidRegistration" time="26.275" classname="com.ecommerce.test.ecommerceRegistrationTest"/>
</testsuite> <!-- com.ecommerce.test.ecommerceRegistrationTest -->
