<?xml version="1.0" encoding="UTF-8"?>
<!-- Generated by org.testng.reporters.JUnitReportReporter -->
<testsuite hostname="Amruthas-MacBook-Air.local" name="com.ecommerce.test.ecommercePlaceOrder" tests="1" failures="0" timestamp="2 Nov 2019 23:32:37 GMT" time="18.199" errors="0">
  <testcase name="OrderPlace" time="18.199" classname="com.ecommerce.test.ecommercePlaceOrder"/>
</testsuite> <!-- com.ecommerce.test.ecommercePlaceOrder -->
